<?xml version="1.0" encoding="UTF-8"?>
<!-- Generated by org.testng.reporters.JUnitReportReporter -->
<testsuite hostname="P2ELT18" failures="0" tests="1" name="Testcase.usecase_1" time="103.853" errors="0" timestamp="2024-11-23T16:31:41 IST" skipped="0">
  <testcase classname="Testcase.usecase_1" name="erailusecase" time="103.853"/>
  <system-out/>
</testsuite> <!-- Testcase.usecase_1 -->
